[2016-12-05 11:17:32] http://localhost:63342/express-mvc/index.php?_ijt=qpv5jejq145arh444scjld5oi2
[2016-12-05 11:17:32] Response render index(14 ms)
[2016-12-05 11:17:32] 
------------------------ stack ------------------------
( / , Router )
   ( function($req,$res,$next) )
   ( function($req,$res,$next) )
   ( function($req,$res,$next) )
   ( function($req,$res,$next) )
   ( function($req,$res,$next) )
   ( /user/ , router/user.php )
   ( /upload/ , router/upload.php )
   ( /redirect/ , function($req,$res,$next) )
   ( / , function($req,$res,$next) )
------------------------ end ------------------------

[2016-12-05 11:19:20] http://localhost:63342/express-mvc/index.php?_ijt=qpv5jejq145arh444scjld5oi2
[2016-12-05 11:19:20] Response render index(15 ms)
[2016-12-05 11:19:20] 
------------------------ stack ------------------------
( / , Router )
   ( function($req,$res,$next) )
   ( function($req,$res,$next) )
   ( function($req,$res,$next) )
   ( function($req,$res,$next) )
   ( function($req,$res,$next) )
   ( /user/ , router/user.php )
   ( /upload/ , router/upload.php )
   ( /redirect/ , function($req,$res,$next) )
   ( / , function($req,$res,$next) )
------------------------ end ------------------------

[2016-12-05 12:16:59] http://localhost:63342/express-mvc/index.php?_ijt=ck0o2sekii7asq3apl67jfs4jr
[2016-12-05 12:16:59] Response render index(18 ms)
[2016-12-05 12:16:59] 
------------------------ stack ------------------------
( / , Router )
   ( function($req,$res,$next) )
   ( function($req,$res,$next) )
   ( function($req,$res,$next) )
   ( function($req,$res,$next) )
   ( function($req,$res,$next) )
   ( /user/ , router/user.php )
   ( /upload/ , router/upload.php )
   ( /redirect/ , function($req,$res,$next) )
   ( / , function($req,$res,$next) )
------------------------ end ------------------------

[2016-12-05 12:17:25] http://localhost:63342/express-mvc/index.php?_ijt=ck0o2sekii7asq3apl67jfs4jr&router=user
[2016-12-05 12:17:25] Response render index(14 ms)
[2016-12-05 12:17:25] 
------------------------ stack ------------------------
( / , Router )
   ( function($req,$res,$next) )
   ( function($req,$res,$next) )
   ( function($req,$res,$next) )
   ( function($req,$res,$next) )
   ( function($req,$res,$next) )
   ( /user/ , Router , router/user.php )
      ( / , function($req,$res,$next) )
      ( /:id/:name/pwd/ , function($req,$res,$next) )
      ( /http/ , function($req,$res,$next) )
      ( /repeat/ , router/upload.php )
      ( /db/ , function($req,$res,$next) )
   ( /upload/ , router/upload.php )
   ( /redirect/ , function($req,$res,$next) )
   ( / , function($req,$res,$next) )
------------------------ end ------------------------

[2016-12-05 12:17:29] http://localhost:63342/express-mvc/index.php?_ijt=ck0o2sekii7asq3apl67jfs4jr&router=upload
[2016-12-05 12:17:29] Response send(17 ms)
[2016-12-05 12:17:29] 
------------------------ stack ------------------------
( / , Router )
   ( function($req,$res,$next) )
   ( function($req,$res,$next) )
   ( function($req,$res,$next) )
   ( function($req,$res,$next) )
   ( function($req,$res,$next) )
   ( /user/ , router/user.php )
   ( /upload/ , Router , router/upload.php )
      ( / , function($req,$res,$next) )
   ( /redirect/ , function($req,$res,$next) )
   ( / , function($req,$res,$next) )
------------------------ end ------------------------

[2016-12-05 12:17:42] http://localhost:63342/express-mvc/index.php?_ijt=ck0o2sekii7asq3apl67jfs4jr&router=user/a/b/pwd
[2016-12-05 12:17:42] Response json(6 ms)
[2016-12-05 12:17:42] 
------------------------ stack ------------------------
( / , Router )
   ( function($req,$res,$next) )
   ( function($req,$res,$next) )
   ( function($req,$res,$next) )
   ( function($req,$res,$next) )
   ( function($req,$res,$next) )
   ( /user/ , Router , router/user.php )
      ( / , function($req,$res,$next) )
      ( /:id/:name/pwd/ , function($req,$res,$next) )
      ( /http/ , function($req,$res,$next) )
      ( /repeat/ , router/upload.php )
      ( /db/ , function($req,$res,$next) )
   ( /upload/ , router/upload.php )
   ( /redirect/ , function($req,$res,$next) )
   ( / , function($req,$res,$next) )
------------------------ end ------------------------

[2016-12-05 12:19:11] http://localhost:63342/express-mvc/index.php?_ijt=ck0o2sekii7asq3apl67jfs4jr&router=user/a/b/pwd
[2016-12-05 12:19:11] Response json(7 ms)
[2016-12-05 12:19:11] 
------------------------ stack ------------------------
( / , Router )
   ( function($req,$res,$next) )
   ( function($req,$res,$next) )
   ( function($req,$res,$next) )
   ( function($req,$res,$next) )
   ( function($req,$res,$next) )
   ( /user/ , Router , router/user.php )
      ( / , function($req,$res,$next) )
      ( /:id/:name/pwd/ , function($req,$res,$next) )
      ( /http/ , function($req,$res,$next) )
      ( /repeat/ , router/upload.php )
      ( /db/ , function($req,$res,$next) )
   ( /upload/ , router/upload.php )
   ( /redirect/ , function($req,$res,$next) )
   ( / , function($req,$res,$next) )
------------------------ end ------------------------

[2016-12-05 12:19:21] http://localhost:63342/express-mvc/index.php?_ijt=ck0o2sekii7asq3apl67jfs4jr&router=user/repeat
[2016-12-05 12:19:21] Response send(7 ms)
[2016-12-05 12:19:21] 
------------------------ stack ------------------------
( / , Router )
   ( function($req,$res,$next) )
   ( function($req,$res,$next) )
   ( function($req,$res,$next) )
   ( function($req,$res,$next) )
   ( function($req,$res,$next) )
   ( /user/ , Router , router/user.php )
      ( / , function($req,$res,$next) )
      ( /:id/:name/pwd/ , function($req,$res,$next) )
      ( /http/ , function($req,$res,$next) )
      ( /repeat/ , Router , router/upload.php )
         ( / , function($req,$res,$next) )
      ( /db/ , function($req,$res,$next) )
   ( /upload/ , router/upload.php )
   ( /redirect/ , function($req,$res,$next) )
   ( / , function($req,$res,$next) )
------------------------ end ------------------------

