[2016-11-28 10:05:55] http://localhost:63342/express-mvc/www.php?_ijt=d70k0ih476h7ju1ra9vcej0fi9
[2016-11-28 10:05:55] Response render index(16 ms)
[2016-11-28 10:05:55] 
------------------------ stack ------------------------
( / , Router )
   ( function($req,$res,$next) )
   ( function($req,$res,$next) )
   ( function($req,$res,$next) )
   ( function($req,$res,$next) )
   ( /user/ , router/user.php )
   ( /upload/ , router/upload.php )
   ( /redirect/ , function($req,$res,$next) )
   ( / , function($req,$res,$next) )
------------------------ end ------------------------

[2016-11-28 10:06:10] http://localhost:63342/express-mvc/www.php?_ijt=d70k0ih476h7ju1ra9vcej0fi9
[2016-11-28 10:06:10] Response render index(11 ms)
[2016-11-28 10:06:10] 
------------------------ stack ------------------------
( / , Router )
   ( function($req,$res,$next) )
   ( function($req,$res,$next) )
   ( function($req,$res,$next) )
   ( function($req,$res,$next) )
   ( /user/ , router/user.php )
   ( /upload/ , router/upload.php )
   ( /redirect/ , function($req,$res,$next) )
   ( / , function($req,$res,$next) )
------------------------ end ------------------------

[2016-11-28 10:06:15] http://localhost:63342/express-mvc/www.php?_ijt=d70k0ih476h7ju1ra9vcej0fi9
[2016-11-28 10:06:15] Response render index(5 ms)
[2016-11-28 10:06:15] 
------------------------ stack ------------------------
( / , Router )
   ( function($req,$res,$next) )
   ( function($req,$res,$next) )
   ( function($req,$res,$next) )
   ( function($req,$res,$next) )
   ( /user/ , router/user.php )
   ( /upload/ , router/upload.php )
   ( /redirect/ , function($req,$res,$next) )
   ( / , function($req,$res,$next) )
------------------------ end ------------------------

[2016-11-28 10:06:41] http://localhost:63342/express-mvc/www.php?_ijt=d70k0ih476h7ju1ra9vcej0fi9&router=/user
[2016-11-28 10:06:41] Response render index(14 ms)
[2016-11-28 10:06:41] 
------------------------ stack ------------------------
( / , Router )
   ( function($req,$res,$next) )
   ( function($req,$res,$next) )
   ( function($req,$res,$next) )
   ( function($req,$res,$next) )
   ( /user/ , Router , router/user.php )
      ( / , function($req,$res,$next) )
      ( /:id/:name/pwd/ , function($req,$res,$next) )
      ( /http/ , function($req,$res,$next) )
      ( /repeat/ , router/upload.php )
      ( /db/ , function($req,$res,$next) )
   ( /upload/ , router/upload.php )
   ( /redirect/ , function($req,$res,$next) )
   ( / , function($req,$res,$next) )
------------------------ end ------------------------

[2016-11-28 10:07:06] http://localhost:63342/express-mvc/www.php?_ijt=d70k0ih476h7ju1ra9vcej0fi9&router=/user/repeat
[2016-11-28 10:07:06] Response send(15 ms)
[2016-11-28 10:07:06] 
------------------------ stack ------------------------
( / , Router )
   ( function($req,$res,$next) )
   ( function($req,$res,$next) )
   ( function($req,$res,$next) )
   ( function($req,$res,$next) )
   ( /user/ , Router , router/user.php )
      ( / , function($req,$res,$next) )
      ( /:id/:name/pwd/ , function($req,$res,$next) )
      ( /http/ , function($req,$res,$next) )
      ( /repeat/ , Router , router/upload.php )
         ( / , function($req,$res,$next) )
      ( /db/ , function($req,$res,$next) )
   ( /upload/ , router/upload.php )
   ( /redirect/ , function($req,$res,$next) )
   ( / , function($req,$res,$next) )
------------------------ end ------------------------

[2016-11-29 16:56:15] http://localhost:63342/express-mvc/www.php?_ijt=upe5fg3sf8gjhhql4ff8bo6ll0
[2016-11-29 16:56:15] Response render index(20 ms)
[2016-11-29 16:56:15] 
------------------------ stack ------------------------
( / , Router )
   ( function($req,$res,$next) )
   ( function($req,$res,$next) )
   ( function($req,$res,$next) )
   ( function($req,$res,$next) )
   ( function($req,$res,$next) )
   ( /user/ , router/user.php )
   ( /upload/ , router/upload.php )
   ( /redirect/ , function($req,$res,$next) )
   ( /test/ , function($req,$res,$next) )
   ( / , function($req,$res,$next) )
------------------------ end ------------------------

[2016-11-29 17:14:14] http://localhost:63342/express-mvc/www.php?_ijt=l7l19uedoiov29fpsmavrd9682
[2016-11-29 17:14:14] Response render index(22 ms)
[2016-11-29 17:14:14] 
------------------------ stack ------------------------
( / , Router )
   ( function($req,$res,$next) )
   ( function($req,$res,$next) )
   ( function($req,$res,$next) )
   ( function($req,$res,$next) )
   ( function($req,$res,$next) )
   ( /user/ , router/user.php )
   ( /upload/ , router/upload.php )
   ( /redirect/ , function($req,$res,$next) )
   ( /test/ , function($req,$res,$next) )
   ( / , function($req,$res,$next) )
------------------------ end ------------------------

[2016-11-29 17:25:58] http://localhost:63342/express-mvc/www.php?_ijt=l7l19uedoiov29fpsmavrd9682&router=/test
[2016-11-29 17:25:58] Response send(15 ms)
[2016-11-29 17:25:58] 
------------------------ stack ------------------------
( / , Router )
   ( function($req,$res,$next) )
   ( function($req,$res,$next) )
   ( function($req,$res,$next) )
   ( function($req,$res,$next) )
   ( function($req,$res,$next) )
   ( /user/ , router/user.php )
   ( /upload/ , router/upload.php )
   ( /redirect/ , function($req,$res,$next) )
   ( /test/ , function($req,$res,$next) )
   ( / , function($req,$res,$next) )
------------------------ end ------------------------

[2016-11-29 17:26:46] http://localhost:63342/express-mvc/www.php?_ijt=l7l19uedoiov29fpsmavrd9682&router=/test
[2016-11-29 17:26:46] Response send(16 ms)
[2016-11-29 17:26:46] 
------------------------ stack ------------------------
( / , Router )
   ( function($req,$res,$next) )
   ( function($req,$res,$next) )
   ( function($req,$res,$next) )
   ( function($req,$res,$next) )
   ( function($req,$res,$next) )
   ( /user/ , router/user.php )
   ( /upload/ , router/upload.php )
   ( /redirect/ , function($req,$res,$next) )
   ( /test/ , function($req,$res,$next) )
   ( / , function($req,$res,$next) )
------------------------ end ------------------------

[2016-11-29 17:29:42] http://localhost:63342/express-mvc/www.php?_ijt=l7l19uedoiov29fpsmavrd9682&router=/test
[2016-11-29 17:29:42] Response send(21 ms)
[2016-11-29 17:29:42] 
------------------------ stack ------------------------
( / , Router )
   ( function($req,$res,$next) )
   ( function($req,$res,$next) )
   ( function($req,$res,$next) )
   ( function($req,$res,$next) )
   ( function($req,$res,$next) )
   ( /user/ , router/user.php )
   ( /upload/ , router/upload.php )
   ( /redirect/ , function($req,$res,$next) )
   ( /test/ , function($req,$res,$next) )
   ( / , function($req,$res,$next) )
------------------------ end ------------------------

[2016-11-29 17:30:10] http://localhost:63342/express-mvc/www.php?_ijt=l7l19uedoiov29fpsmavrd9682&router=/test
[2016-11-29 17:30:10] Response send(16 ms)
[2016-11-29 17:30:10] 
------------------------ stack ------------------------
( / , Router )
   ( function($req,$res,$next) )
   ( function($req,$res,$next) )
   ( function($req,$res,$next) )
   ( function($req,$res,$next) )
   ( function($req,$res,$next) )
   ( /user/ , router/user.php )
   ( /upload/ , router/upload.php )
   ( /redirect/ , function($req,$res,$next) )
   ( /test/ , function($req,$res,$next) )
   ( / , function($req,$res,$next) )
------------------------ end ------------------------

